<?xml version="1.0" encoding="UTF-8"?>
<testng-results skipped="0" failed="0" total="1" passed="1">
  <reporter-output>
  </reporter-output>
  <suite name="Default Suite" duration-ms="318" started-at="2022-01-17T08:19:44Z" finished-at="2022-01-17T08:19:44Z">
    <groups>
    </groups>
    <test name="mytest" duration-ms="318" started-at="2022-01-17T08:19:44Z" finished-at="2022-01-17T08:19:44Z">
      <class name="com.test.suite.TestDemo">
        <test-method status="PASS" signature="beforeClass()[pri:0, instance:com.test.suite.TestDemo@6537cf78]" name="beforeClass" is-config="true" duration-ms="55" started-at="2022-01-17T16:19:44Z" finished-at="2022-01-17T16:19:44Z">
          <reporter-output>
          </reporter-output>
        </test-method> <!-- beforeClass -->
        <test-method status="PASS" signature="beforeMethod()[pri:0, instance:com.test.suite.TestDemo@6537cf78]" name="beforeMethod" is-config="true" duration-ms="0" started-at="2022-01-17T16:19:44Z" finished-at="2022-01-17T16:19:44Z">
          <reporter-output>
          </reporter-output>
        </test-method> <!-- beforeMethod -->
        <test-method status="PASS" signature="test1()[pri:0, instance:com.test.suite.TestDemo@6537cf78]" name="test1" duration-ms="253" started-at="2022-01-17T16:19:44Z" finished-at="2022-01-17T16:19:44Z">
          <reporter-output>
          </reporter-output>
        </test-method> <!-- test1 -->
        <test-method status="PASS" signature="afterMethod()[pri:0, instance:com.test.suite.TestDemo@6537cf78]" name="afterMethod" is-config="true" duration-ms="1" started-at="2022-01-17T16:19:44Z" finished-at="2022-01-17T16:19:44Z">
          <reporter-output>
          </reporter-output>
        </test-method> <!-- afterMethod -->
        <test-method status="PASS" signature="afterClass()[pri:0, instance:com.test.suite.TestDemo@6537cf78]" name="afterClass" is-config="true" duration-ms="0" started-at="2022-01-17T16:19:44Z" finished-at="2022-01-17T16:19:44Z">
          <reporter-output>
          </reporter-output>
        </test-method> <!-- afterClass -->
      </class> <!-- com.test.suite.TestDemo -->
    </test> <!-- mytest -->
  </suite> <!-- Default Suite -->
</testng-results>
